# JRE version: OpenJDK Runtime Environment (11.0.11) (build 11.0.11+0-b60-7590822)
# Java VM: OpenJDK 64-Bit Server VM (11.0.11+0-b60-7590822, mixed mode, tiered, compressed oops, g1 gc, linux-amd64)
Heap:
 garbage-first heap   total 187392K, used 147802K [0x0000000080000000, 0x0000000100000000)
  region size 1024K, 3 young (3072K), 2 survivors (2048K)
 Metaspace       used 119826K, capacity 123328K, committed 123428K, reserved 1157120K
  class space    used 14890K, capacity 16154K, committed 16204K, reserved 1048576K
GC Heap History (20 events):
Event: 411.558 GC heap before
{Heap before GC invocations=53 (full 0):
 garbage-first heap   total 187392K, used 137896K [0x0000000080000000, 0x0000000100000000)
  region size 1024K, 9 young (9216K), 1 survivors (1024K)
 Metaspace       used 115912K, capacity 119392K, committed 119716K, reserved 1153024K
  class space    used 14437K, capacity 15707K, committed 15820K, reserved 1048576K
}
Event: 411.570 GC heap after
{Heap after GC invocations=54 (full 0):
 garbage-first heap   total 187392K, used 129977K [0x0000000080000000, 0x0000000100000000)
  region size 1024K, 2 young (2048K), 2 survivors (2048K)
 Metaspace       used 115912K, capacity 119392K, committed 119716K, reserved 1153024K
  class space    used 14437K, capacity 15707K, committed 15820K, reserved 1048576K
}
Event: 1291.382 GC heap before
{Heap before GC invocations=54 (full 0):
 garbage-first heap   total 187392K, used 154553K [0x0000000080000000, 0x0000000100000000)
  region size 1024K, 27 young (27648K), 2 survivors (2048K)
 Metaspace       used 116043K, capacity 119597K, committed 119972K, reserved 1153024K
  class space    used 14439K, capacity 15710K, committed 15820K, reserved 1048576K
}
Event: 1291.385 GC heap after
{Heap after GC invocations=55 (full 0):
 garbage-first heap   total 187392K, used 130105K [0x0000000080000000, 0x0000000100000000)
  region size 1024K, 2 young (2048K), 2 survivors (2048K)
 Metaspace       used 116043K, capacity 119597K, committed 119972K, reserved 1153024K
  class space    used 14439K, capacity 15710K, committed 15820K, reserved 1048576K
}
Event: 2282.218 GC heap before
{Heap before GC invocations=55 (full 0):
 garbage-first heap   total 187392K, used 155705K [0x0000000080000000, 0x0000000100000000)
  region size 1024K, 28 young (28672K), 2 survivors (2048K)
 Metaspace       used 116173K, capacity 119724K, committed 119972K, reserved 1153024K
  class space    used 14457K, capacity 15724K, committed 15820K, reserved 1048576K
}
Event: 2282.222 GC heap after
{Heap after GC invocations=56 (full 0):
 garbage-first heap   total 187392K, used 130975K [0x0000000080000000, 0x0000000100000000)
  region size 1024K, 3 young (3072K), 3 survivors (3072K)
 Metaspace       used 116173K, capacity 119724K, committed 119972K, reserved 1153024K
  class space    used 14457K, capacity 15724K, committed 15820K, reserved 1048576K
}
Event: 2282.657 GC heap before
{Heap before GC invocations=56 (full 0):
 garbage-first heap   total 187392K, used 156575K [0x0000000080000000, 0x0000000100000000)
  region size 1024K, 29 young (29696K), 3 survivors (3072K)
 Metaspace       used 116725K, capacity 120259K, committed 120484K, reserved 1155072K
  class space    used 14528K, capacity 15795K, committed 15820K, reserved 1048576K
}
Event: 2282.688 GC heap after
{Heap after GC invocations=57 (full 0):
 garbage-first heap   total 187392K, used 133735K [0x0000000080000000, 0x0000000100000000)
  region size 1024K, 4 young (4096K), 4 survivors (4096K)
 Metaspace       used 116725K, capacity 120259K, committed 120484K, reserved 1155072K
  class space    used 14528K, capacity 15795K, committed 15820K, reserved 1048576K
}
Event: 2283.379 GC heap before
{Heap before GC invocations=58 (full 0):
 garbage-first heap   total 187392K, used 158311K [0x0000000080000000, 0x0000000100000000)
  region size 1024K, 29 young (29696K), 4 survivors (4096K)
 Metaspace       used 118060K, capacity 121544K, committed 122020K, reserved 1155072K
  class space    used 14696K, capacity 15936K, committed 16076K, reserved 1048576K
}
Event: 2283.397 GC heap after
{Heap after GC invocations=59 (full 0):
 garbage-first heap   total 187392K, used 136525K [0x0000000080000000, 0x0000000100000000)
  region size 1024K, 3 young (3072K), 3 survivors (3072K)
 Metaspace       used 118060K, capacity 121544K, committed 122020K, reserved 1155072K
  class space    used 14696K, capacity 15936K, committed 16076K, reserved 1048576K
}
Event: 2283.501 GC heap before
{Heap before GC invocations=59 (full 0):
 garbage-first heap   total 187392K, used 141645K [0x0000000080000000, 0x0000000100000000)
  region size 1024K, 9 young (9216K), 3 survivors (3072K)
 Metaspace       used 118233K, capacity 121653K, committed 122020K, reserved 1155072K
  class space    used 14716K, capacity 15947K, committed 16076K, reserved 1048576K
}
Event: 2283.524 GC heap after
{Heap after GC invocations=60 (full 0):
 garbage-first heap   total 187392K, used 129392K [0x0000000080000000, 0x0000000100000000)
  region size 1024K, 1 young (1024K), 1 survivors (1024K)
 Metaspace       used 118233K, capacity 121653K, committed 122020K, reserved 1155072K
  class space    used 14716K, capacity 15947K, committed 16076K, reserved 1048576K
}
Event: 2283.769 GC heap before
{Heap before GC invocations=60 (full 0):
 garbage-first heap   total 187392K, used 136560K [0x0000000080000000, 0x0000000100000000)
  region size 1024K, 9 young (9216K), 1 survivors (1024K)
 Metaspace       used 118246K, capacity 121657K, committed 122020K, reserved 1155072K
  class space    used 14716K, capacity 15947K, committed 16076K, reserved 1048576K
}
Event: 2283.790 GC heap after
{Heap after GC invocations=61 (full 0):
 garbage-first heap   total 187392K, used 130582K [0x0000000080000000, 0x0000000100000000)
  region size 1024K, 2 young (2048K), 2 survivors (2048K)
 Metaspace       used 118246K, capacity 121657K, committed 122020K, reserved 1155072K
  class space    used 14716K, capacity 15947K, committed 16076K, reserved 1048576K
}
Event: 2285.646 GC heap before
{Heap before GC invocations=61 (full 0):
 garbage-first heap   total 187392K, used 158230K [0x0000000080000000, 0x0000000100000000)
  region size 1024K, 28 young (28672K), 2 survivors (2048K)
 Metaspace       used 118789K, capacity 122326K, committed 122660K, reserved 1157120K
  class space    used 14793K, capacity 16077K, committed 16204K, reserved 1048576K
}
Event: 2285.653 GC heap after
{Heap after GC invocations=62 (full 0):
 garbage-first heap   total 187392K, used 135862K [0x0000000080000000, 0x0000000100000000)
  region size 1024K, 4 young (4096K), 4 survivors (4096K)
 Metaspace       used 118789K, capacity 122326K, committed 122660K, reserved 1157120K
  class space    used 14793K, capacity 16077K, committed 16204K, reserved 1048576K
}
Event: 2286.770 GC heap before
{Heap before GC invocations=62 (full 0):
 garbage-first heap   total 187392K, used 158390K [0x0000000080000000, 0x0000000100000000)
  region size 1024K, 27 young (27648K), 4 survivors (4096K)
 Metaspace       used 119672K, capacity 123188K, committed 123428K, reserved 1157120K
  class space    used 14888K, capacity 16152K, committed 16204K, reserved 1048576K
}
Event: 2286.792 GC heap after
{Heap after GC invocations=63 (full 0):
 garbage-first heap   total 187392K, used 145530K [0x0000000080000000, 0x0000000100000000)
  region size 1024K, 4 young (4096K), 4 survivors (4096K)
 Metaspace       used 119672K, capacity 123188K, committed 123428K, reserved 1157120K
  class space    used 14888K, capacity 16152K, committed 16204K, reserved 1048576K
}
Event: 2302.079 GC heap before
{Heap before GC invocations=63 (full 0):
 garbage-first heap   total 187392K, used 157818K [0x0000000080000000, 0x0000000100000000)
  region size 1024K, 16 young (16384K), 4 survivors (4096K)
 Metaspace       used 119825K, capacity 123328K, committed 123428K, reserved 1157120K
  class space    used 14890K, capacity 16154K, committed 16204K, reserved 1048576K
}
Event: 2302.088 GC heap after
{Heap after GC invocations=64 (full 0):
 garbage-first heap   total 187392K, used 147802K [0x0000000080000000, 0x0000000100000000)
  region size 1024K, 2 young (2048K), 2 survivors (2048K)
 Metaspace       used 119825K, capacity 123328K, committed 123428K, reserved 1157120K
  class space    used 14890K, capacity 16154K, committed 16204K, reserved 1048576K
}

